{
  "stats": {
    "suites": 11,
    "tests": 27,
    "passes": 23,
    "pending": 4,
    "failures": 0,
    "start": "2022-01-27T17:03:09.294Z",
    "end": "2022-01-27T17:03:11.390Z",
    "duration": 2096,
    "testsRegistered": 27,
    "passPercent": 100,
    "pendingPercent": 14.814814814814813,
    "other": 0,
    "hasOther": false,
    "skipped": 0,
    "hasSkipped": false
  },
  "results": [
    {
      "uuid": "d9dc8526-438a-41c2-a6e2-3bc4d955982c",
      "title": "",
      "fullFile": "",
      "file": "",
      "beforeHooks": [],
      "afterHooks": [],
      "tests": [],
      "suites": [
        {
          "uuid": "33fd89f2-7b13-429a-baaf-ec4cb0bad4b0",
          "title": "Testing an api",
          "fullFile": "C:\\Users\\User\\Documents\\Projects\\Devang\\CODINE---Code-Editor-and-Planner\\test-case\\api.spec.js",
          "file": "\\test-case\\api.spec.js",
          "beforeHooks": [],
          "afterHooks": [],
          "tests": [
            {
              "title": "get user",
              "fullTitle": "Testing an api get user",
              "timedOut": false,
              "duration": 0,
              "state": "pending",
              "speed": null,
              "pass": false,
              "fail": false,
              "pending": true,
              "context": null,
              "code": "",
              "err": {},
              "uuid": "e4dcea40-f550-4df6-8e63-83e458f3856a",
              "parentUUID": "33fd89f2-7b13-429a-baaf-ec4cb0bad4b0",
              "isHook": false,
              "skipped": false
            }
          ],
          "suites": [],
          "passes": [],
          "failures": [],
          "pending": [
            "e4dcea40-f550-4df6-8e63-83e458f3856a"
          ],
          "skipped": [],
          "duration": 0,
          "root": false,
          "rootEmpty": false,
          "_timeout": 2000
        },
        {
          "uuid": "06b79025-654f-4562-864c-ce149637dac2",
          "title": "Aspect check",
          "fullFile": "C:\\Users\\User\\Documents\\Projects\\Devang\\CODINE---Code-Editor-and-Planner\\test-case\\chai.spec.js",
          "file": "\\test-case\\chai.spec.js",
          "beforeHooks": [],
          "afterHooks": [],
          "tests": [
            {
              "title": "check string",
              "fullTitle": "Aspect check check string",
              "timedOut": false,
              "duration": 1,
              "state": "passed",
              "speed": "fast",
              "pass": true,
              "fail": false,
              "pending": false,
              "context": null,
              "code": "assert.typeOf(userName, 'String');",
              "err": {},
              "uuid": "f44b55ce-5063-4247-ae20-4e0aa4c03e92",
              "parentUUID": "06b79025-654f-4562-864c-ce149637dac2",
              "isHook": false,
              "skipped": false
            },
            {
              "title": "equal match",
              "fullTitle": "Aspect check equal match",
              "timedOut": false,
              "duration": 1,
              "state": "passed",
              "speed": "fast",
              "pass": true,
              "fail": false,
              "pending": false,
              "context": null,
              "code": "assert.equal(userName, 'code improve');",
              "err": {},
              "uuid": "e2463b4a-8c4c-4dc4-baaf-7a74e5837159",
              "parentUUID": "06b79025-654f-4562-864c-ce149637dac2",
              "isHook": false,
              "skipped": false
            },
            {
              "title": "length check",
              "fullTitle": "Aspect check length check",
              "timedOut": false,
              "duration": 1,
              "state": "passed",
              "speed": "fast",
              "pass": true,
              "fail": false,
              "pending": false,
              "context": null,
              "code": "assert.lengthOf(mylist.item, 1);",
              "err": {},
              "uuid": "df069917-355c-48b8-a9c0-b6d9bb77a34f",
              "parentUUID": "06b79025-654f-4562-864c-ce149637dac2",
              "isHook": false,
              "skipped": false
            }
          ],
          "suites": [],
          "passes": [
            "f44b55ce-5063-4247-ae20-4e0aa4c03e92",
            "e2463b4a-8c4c-4dc4-baaf-7a74e5837159",
            "df069917-355c-48b8-a9c0-b6d9bb77a34f"
          ],
          "failures": [],
          "pending": [],
          "skipped": [],
          "duration": 3,
          "root": false,
          "rootEmpty": false,
          "_timeout": 2000
        },
        {
          "uuid": "6699c264-467f-43e2-a0ba-6e4b42bc0d3d",
          "title": "should check",
          "fullFile": "C:\\Users\\User\\Documents\\Projects\\Devang\\CODINE---Code-Editor-and-Planner\\test-case\\chai.spec.js",
          "file": "\\test-case\\chai.spec.js",
          "beforeHooks": [],
          "afterHooks": [],
          "tests": [
            {
              "title": "check string",
              "fullTitle": "should check check string",
              "timedOut": false,
              "duration": 0,
              "state": "passed",
              "speed": "fast",
              "pass": true,
              "fail": false,
              "pending": false,
              "context": null,
              "code": "userName.should.be.a('string');",
              "err": {},
              "uuid": "aeec86c7-0f60-44cd-bffc-49fb424f9657",
              "parentUUID": "6699c264-467f-43e2-a0ba-6e4b42bc0d3d",
              "isHook": false,
              "skipped": false
            },
            {
              "title": "equal check",
              "fullTitle": "should check equal check",
              "timedOut": false,
              "duration": 0,
              "state": "passed",
              "speed": "fast",
              "pass": true,
              "fail": false,
              "pending": false,
              "context": null,
              "code": "userName.should.equal('code improve');",
              "err": {},
              "uuid": "b9f5b2e2-b6ac-4fe7-a597-0a228bd33851",
              "parentUUID": "6699c264-467f-43e2-a0ba-6e4b42bc0d3d",
              "isHook": false,
              "skipped": false
            },
            {
              "title": "length check",
              "fullTitle": "should check length check",
              "timedOut": false,
              "duration": 0,
              "state": "passed",
              "speed": "fast",
              "pass": true,
              "fail": false,
              "pending": false,
              "context": null,
              "code": "mylist.should.have.property('item').lengthOf(1);",
              "err": {},
              "uuid": "c0e7eda2-b0b1-47fc-83c7-42bb4872a9c7",
              "parentUUID": "6699c264-467f-43e2-a0ba-6e4b42bc0d3d",
              "isHook": false,
              "skipped": false
            }
          ],
          "suites": [],
          "passes": [
            "aeec86c7-0f60-44cd-bffc-49fb424f9657",
            "b9f5b2e2-b6ac-4fe7-a597-0a228bd33851",
            "c0e7eda2-b0b1-47fc-83c7-42bb4872a9c7"
          ],
          "failures": [],
          "pending": [],
          "skipped": [],
          "duration": 0,
          "root": false,
          "rootEmpty": false,
          "_timeout": 2000
        },
        {
          "uuid": "12c4a577-fbb0-49e8-9660-f078844e26d6",
          "title": "EXPECT check",
          "fullFile": "C:\\Users\\User\\Documents\\Projects\\Devang\\CODINE---Code-Editor-and-Planner\\test-case\\chai.spec.js",
          "file": "\\test-case\\chai.spec.js",
          "beforeHooks": [],
          "afterHooks": [],
          "tests": [
            {
              "title": "check string",
              "fullTitle": "EXPECT check check string",
              "timedOut": false,
              "duration": 0,
              "state": "passed",
              "speed": "fast",
              "pass": true,
              "fail": false,
              "pending": false,
              "context": null,
              "code": "expect(userName).to.be.a('string');",
              "err": {},
              "uuid": "a0d2b28f-713e-4c5b-a916-b0981c96a046",
              "parentUUID": "12c4a577-fbb0-49e8-9660-f078844e26d6",
              "isHook": false,
              "skipped": false
            },
            {
              "title": "equal check",
              "fullTitle": "EXPECT check equal check",
              "timedOut": false,
              "duration": 0,
              "state": "passed",
              "speed": "fast",
              "pass": true,
              "fail": false,
              "pending": false,
              "context": null,
              "code": "expect(userName).to.equal('code improve');",
              "err": {},
              "uuid": "d3d47902-5779-404d-9e8b-5e21160914dc",
              "parentUUID": "12c4a577-fbb0-49e8-9660-f078844e26d6",
              "isHook": false,
              "skipped": false
            },
            {
              "title": "length check",
              "fullTitle": "EXPECT check length check",
              "timedOut": false,
              "duration": 0,
              "state": "passed",
              "speed": "fast",
              "pass": true,
              "fail": false,
              "pending": false,
              "context": null,
              "code": "expect(userName).to.lengthOf(12);",
              "err": {},
              "uuid": "3be856cc-1434-482e-ae7f-189611c83547",
              "parentUUID": "12c4a577-fbb0-49e8-9660-f078844e26d6",
              "isHook": false,
              "skipped": false
            },
            {
              "title": "length check for object",
              "fullTitle": "EXPECT check length check for object",
              "timedOut": false,
              "duration": 0,
              "state": "passed",
              "speed": "fast",
              "pass": true,
              "fail": false,
              "pending": false,
              "context": null,
              "code": "expect(mylist).to.have.property('item').lengthOf(1);",
              "err": {},
              "uuid": "d0e26ef9-6b2e-4b71-9e01-14548fae1b50",
              "parentUUID": "12c4a577-fbb0-49e8-9660-f078844e26d6",
              "isHook": false,
              "skipped": false
            },
            {
              "title": "api object match",
              "fullTitle": "EXPECT check api object match",
              "timedOut": false,
              "duration": 1,
              "state": "passed",
              "speed": "fast",
              "pass": true,
              "fail": false,
              "pending": false,
              "context": null,
              "code": "expect(mylist).to.have.all.keys('item', 'title', 'address');",
              "err": {},
              "uuid": "2104a91e-8a40-454f-a34e-7d4d95cda54e",
              "parentUUID": "12c4a577-fbb0-49e8-9660-f078844e26d6",
              "isHook": false,
              "skipped": false
            },
            {
              "title": "api nested object match",
              "fullTitle": "EXPECT check api nested object match",
              "timedOut": false,
              "duration": 1,
              "state": "passed",
              "speed": "fast",
              "pass": true,
              "fail": false,
              "pending": false,
              "context": null,
              "code": "expect(mylist).to.have.nested.property('address.phoneno[0]');",
              "err": {},
              "uuid": "426f9e1d-48e4-40ce-b5ef-b1cdaeffe083",
              "parentUUID": "12c4a577-fbb0-49e8-9660-f078844e26d6",
              "isHook": false,
              "skipped": false
            },
            {
              "title": "api nested object country match",
              "fullTitle": "EXPECT check api nested object country match",
              "timedOut": false,
              "duration": 0,
              "state": "passed",
              "speed": "fast",
              "pass": true,
              "fail": false,
              "pending": false,
              "context": null,
              "code": "expect(mylist).to.have.nested.include({ 'address.country': 'India' });",
              "err": {},
              "uuid": "72ebff73-5491-47f6-b320-35070c104a02",
              "parentUUID": "12c4a577-fbb0-49e8-9660-f078844e26d6",
              "isHook": false,
              "skipped": false
            }
          ],
          "suites": [],
          "passes": [
            "a0d2b28f-713e-4c5b-a916-b0981c96a046",
            "d3d47902-5779-404d-9e8b-5e21160914dc",
            "3be856cc-1434-482e-ae7f-189611c83547",
            "d0e26ef9-6b2e-4b71-9e01-14548fae1b50",
            "2104a91e-8a40-454f-a34e-7d4d95cda54e",
            "426f9e1d-48e4-40ce-b5ef-b1cdaeffe083",
            "72ebff73-5491-47f6-b320-35070c104a02"
          ],
          "failures": [],
          "pending": [],
          "skipped": [],
          "duration": 2,
          "root": false,
          "rootEmpty": false,
          "_timeout": 2000
        },
        {
          "uuid": "407acde3-6d55-476d-aa8b-cf2b529796db",
          "title": "Heading 1",
          "fullFile": "C:\\Users\\User\\Documents\\Projects\\Devang\\CODINE---Code-Editor-and-Planner\\test-case\\hook.spec.js",
          "file": "\\test-case\\hook.spec.js",
          "beforeHooks": [
            {
              "title": "\"before all\" hook in \"Heading 1\"",
              "fullTitle": "Heading 1 \"before all\" hook in \"Heading 1\"",
              "timedOut": false,
              "duration": 0,
              "state": null,
              "speed": null,
              "pass": false,
              "fail": false,
              "pending": false,
              "context": null,
              "code": "console.log(`========================First========================`);",
              "err": {},
              "uuid": "46b75b4a-ff02-4637-9cee-dc80c5b261ea",
              "parentUUID": "407acde3-6d55-476d-aa8b-cf2b529796db",
              "isHook": true,
              "skipped": false
            },
            {
              "title": "\"before each\" hook in \"Heading 1\"",
              "fullTitle": "Heading 1 \"before each\" hook in \"Heading 1\"",
              "timedOut": false,
              "duration": 0,
              "state": null,
              "speed": null,
              "pass": false,
              "fail": false,
              "pending": false,
              "context": null,
              "code": "console.log(`========================Before every test case========================`);\nsinon.restore();",
              "err": {},
              "uuid": "f98b6596-b69b-444e-8795-df0a99ca2cdf",
              "parentUUID": "407acde3-6d55-476d-aa8b-cf2b529796db",
              "isHook": true,
              "skipped": false
            }
          ],
          "afterHooks": [
            {
              "title": "\"after all\" hook in \"Heading 1\"",
              "fullTitle": "Heading 1 \"after all\" hook in \"Heading 1\"",
              "timedOut": false,
              "duration": 0,
              "state": null,
              "speed": null,
              "pass": false,
              "fail": false,
              "pending": false,
              "context": null,
              "code": "console.log(`========================Last========================`);",
              "err": {},
              "uuid": "f84e09d1-6caf-4784-a9d8-6713dd3f6a70",
              "parentUUID": "407acde3-6d55-476d-aa8b-cf2b529796db",
              "isHook": true,
              "skipped": false
            },
            {
              "title": "\"after each\" hook in \"Heading 1\"",
              "fullTitle": "Heading 1 \"after each\" hook in \"Heading 1\"",
              "timedOut": false,
              "duration": 0,
              "state": null,
              "speed": null,
              "pass": false,
              "fail": false,
              "pending": false,
              "context": null,
              "code": "console.log(`========================After every test case========================`);",
              "err": {},
              "uuid": "2813cb85-76e1-4ed4-beff-a4852094df6c",
              "parentUUID": "407acde3-6d55-476d-aa8b-cf2b529796db",
              "isHook": true,
              "skipped": false
            }
          ],
          "tests": [
            {
              "title": "check string",
              "fullTitle": "Heading 1 check string",
              "timedOut": false,
              "duration": 0,
              "state": "passed",
              "speed": "fast",
              "pass": true,
              "fail": false,
              "pending": false,
              "context": null,
              "code": "expect(data).to.be.a('string');",
              "err": {},
              "uuid": "25492248-aab2-4039-8815-33c113228de5",
              "parentUUID": "407acde3-6d55-476d-aa8b-cf2b529796db",
              "isHook": false,
              "skipped": false
            },
            {
              "title": "value",
              "fullTitle": "Heading 1 value",
              "timedOut": false,
              "duration": 0,
              "state": "passed",
              "speed": "fast",
              "pass": true,
              "fail": false,
              "pending": false,
              "context": null,
              "code": "expect(data).to.be.equal('code');",
              "err": {},
              "uuid": "9e86542a-a5e6-40de-b6f9-057e4e4d047c",
              "parentUUID": "407acde3-6d55-476d-aa8b-cf2b529796db",
              "isHook": false,
              "skipped": false
            },
            {
              "title": "value2",
              "fullTitle": "Heading 1 value2",
              "timedOut": false,
              "duration": 0,
              "state": "pending",
              "speed": null,
              "pass": false,
              "fail": false,
              "pending": true,
              "context": null,
              "code": "",
              "err": {},
              "uuid": "432185fb-fc4e-48c4-93e5-e5f0427c82f6",
              "parentUUID": "407acde3-6d55-476d-aa8b-cf2b529796db",
              "isHook": false,
              "skipped": false
            }
          ],
          "suites": [],
          "passes": [
            "25492248-aab2-4039-8815-33c113228de5",
            "9e86542a-a5e6-40de-b6f9-057e4e4d047c"
          ],
          "failures": [],
          "pending": [
            "432185fb-fc4e-48c4-93e5-e5f0427c82f6"
          ],
          "skipped": [],
          "duration": 0,
          "root": false,
          "rootEmpty": false,
          "_timeout": 2000
        },
        {
          "uuid": "4fed2943-622e-42aa-8fc5-a850df65a282",
          "title": "Heading 2",
          "fullFile": "C:\\Users\\User\\Documents\\Projects\\Devang\\CODINE---Code-Editor-and-Planner\\test-case\\hook.spec.js",
          "file": "\\test-case\\hook.spec.js",
          "beforeHooks": [],
          "afterHooks": [],
          "tests": [
            {
              "title": "check string 2",
              "fullTitle": "Heading 2 check string 2",
              "timedOut": false,
              "duration": 0,
              "state": "pending",
              "speed": null,
              "pass": false,
              "fail": false,
              "pending": true,
              "context": null,
              "code": "",
              "err": {},
              "uuid": "43b43305-6094-4e39-82cf-ef9ba85cc262",
              "parentUUID": "4fed2943-622e-42aa-8fc5-a850df65a282",
              "isHook": false,
              "skipped": false
            },
            {
              "title": "value",
              "fullTitle": "Heading 2 value",
              "timedOut": false,
              "duration": 0,
              "state": "pending",
              "speed": null,
              "pass": false,
              "fail": false,
              "pending": true,
              "context": null,
              "code": "",
              "err": {},
              "uuid": "ac486a6b-1a0d-4481-995e-2ec49a74513e",
              "parentUUID": "4fed2943-622e-42aa-8fc5-a850df65a282",
              "isHook": false,
              "skipped": false
            }
          ],
          "suites": [],
          "passes": [],
          "failures": [],
          "pending": [
            "43b43305-6094-4e39-82cf-ef9ba85cc262",
            "ac486a6b-1a0d-4481-995e-2ec49a74513e"
          ],
          "skipped": [],
          "duration": 0,
          "root": false,
          "rootEmpty": false,
          "_timeout": 2000
        },
        {
          "uuid": "f640e703-615c-4f27-aa95-f41f0f2d50fa",
          "title": "----------Mock----------",
          "fullFile": "C:\\Users\\User\\Documents\\Projects\\Devang\\CODINE---Code-Editor-and-Planner\\test-case\\mock.spec.js",
          "file": "\\test-case\\mock.spec.js",
          "beforeHooks": [],
          "afterHooks": [],
          "tests": [
            {
              "title": "count function",
              "fullTitle": "----------Mock---------- count function",
              "timedOut": false,
              "duration": 3,
              "state": "passed",
              "speed": "fast",
              "pass": true,
              "fail": false,
              "pending": false,
              "context": null,
              "code": "var mock = sinon.mock(studentObj);\nvar expt = mock.expects('getExternal');\nexpt.exactly(1);\nexpt.withArgs(40);\nstudentObj.finalMarks(40);\nmock.verify();",
              "err": {},
              "uuid": "63e3a855-6f0d-4587-80c1-5836fd0195a8",
              "parentUUID": "f640e703-615c-4f27-aa95-f41f0f2d50fa",
              "isHook": false,
              "skipped": false
            }
          ],
          "suites": [],
          "passes": [
            "63e3a855-6f0d-4587-80c1-5836fd0195a8"
          ],
          "failures": [],
          "pending": [],
          "skipped": [],
          "duration": 3,
          "root": false,
          "rootEmpty": false,
          "_timeout": 2000
        },
        {
          "uuid": "dd21ebd4-5c7d-4792-bbb5-5e77dec6e064",
          "title": "----------Nock----------",
          "fullFile": "C:\\Users\\User\\Documents\\Projects\\Devang\\CODINE---Code-Editor-and-Planner\\test-case\\nock.spec.js",
          "file": "\\test-case\\nock.spec.js",
          "beforeHooks": [],
          "afterHooks": [],
          "tests": [
            {
              "title": "api test",
              "fullTitle": "----------Nock---------- api test",
              "timedOut": false,
              "duration": 39,
              "state": "passed",
              "speed": "medium",
              "pass": true,
              "fail": false,
              "pending": false,
              "context": null,
              "code": "var obj = { status: 'ok', statusCode: 200, data: [] };\nconst apiHit = nock('http://localhost/api').get('/article-list').reply(200, obj);\nstudentObj\n  .thirdPartApi()\n  .then((record) => {\n    expect(record).to.be.eql(obj);\n    done();\n  })\n  .catch((err) => {\n    done(new Error('error:-' + err));\n  });",
              "err": {},
              "uuid": "714b13f5-d66f-4dbc-84f8-eb05e5545fc4",
              "parentUUID": "dd21ebd4-5c7d-4792-bbb5-5e77dec6e064",
              "isHook": false,
              "skipped": false
            }
          ],
          "suites": [],
          "passes": [
            "714b13f5-d66f-4dbc-84f8-eb05e5545fc4"
          ],
          "failures": [],
          "pending": [],
          "skipped": [],
          "duration": 39,
          "root": false,
          "rootEmpty": false,
          "_timeout": 2000
        },
        {
          "uuid": "5419b8a1-a69c-48fb-8f1e-86aea6c721bf",
          "title": "----------Promise----------",
          "fullFile": "C:\\Users\\User\\Documents\\Projects\\Devang\\CODINE---Code-Editor-and-Planner\\test-case\\promise.spec.js",
          "file": "\\test-case\\promise.spec.js",
          "beforeHooks": [],
          "afterHooks": [],
          "tests": [
            {
              "title": "check value function",
              "fullTitle": "----------Promise---------- check value function",
              "timedOut": false,
              "duration": 1013,
              "state": "passed",
              "speed": "slow",
              "pass": true,
              "fail": false,
              "pending": false,
              "context": null,
              "code": "// expect(studentObj.dbData()).to.be.equal(10);\n// this.timeout(2000);\nthis.timeout(0);\nstudentObj.dbData().then((result) => {\n  expect(result).to.be.equal(10);\n  done();\n});",
              "err": {},
              "uuid": "a935d655-440d-4c38-b452-9095bdcecb9d",
              "parentUUID": "5419b8a1-a69c-48fb-8f1e-86aea6c721bf",
              "isHook": false,
              "skipped": false
            },
            {
              "title": "Normal value function",
              "fullTitle": "----------Promise---------- Normal value function",
              "timedOut": false,
              "duration": 1014,
              "state": "passed",
              "speed": "slow",
              "pass": true,
              "fail": false,
              "pending": false,
              "context": null,
              "code": "// this.timeout(2000);\nthis.timeout(0); // This makes long API calls possible\nreturn expect(studentObj.dbData()).to.eventually.equal(10);",
              "err": {},
              "uuid": "cbbf20a8-0923-498b-b21d-04a370b3d8a6",
              "parentUUID": "5419b8a1-a69c-48fb-8f1e-86aea6c721bf",
              "isHook": false,
              "skipped": false
            },
            {
              "title": "OTP",
              "fullTitle": "----------Promise---------- OTP",
              "timedOut": false,
              "duration": 1,
              "state": "passed",
              "speed": "fast",
              "pass": true,
              "fail": false,
              "pending": false,
              "context": null,
              "code": "// this.timeout(2000);\nthis.timeout(0); // This makes long API calls possible\nreturn expect(userCtrl.newsData()).to.eventually.have.deep.property('otp');",
              "err": {},
              "uuid": "a6a93937-9f3f-438d-8902-e51422baaaf2",
              "parentUUID": "5419b8a1-a69c-48fb-8f1e-86aea6c721bf",
              "isHook": false,
              "skipped": false
            }
          ],
          "suites": [],
          "passes": [
            "a935d655-440d-4c38-b452-9095bdcecb9d",
            "cbbf20a8-0923-498b-b21d-04a370b3d8a6",
            "a6a93937-9f3f-438d-8902-e51422baaaf2"
          ],
          "failures": [],
          "pending": [],
          "skipped": [],
          "duration": 2028,
          "root": false,
          "rootEmpty": false,
          "_timeout": 0
        },
        {
          "uuid": "45a8cdef-43ff-422a-ac99-b277d9cebffe",
          "title": "----------spy----------",
          "fullFile": "C:\\Users\\User\\Documents\\Projects\\Devang\\CODINE---Code-Editor-and-Planner\\test-case\\spy.spec.js",
          "file": "\\test-case\\spy.spec.js",
          "beforeHooks": [],
          "afterHooks": [],
          "tests": [
            {
              "title": "test user function",
              "fullTitle": "----------spy---------- test user function",
              "timedOut": false,
              "duration": 0,
              "state": "passed",
              "speed": "fast",
              "pass": true,
              "fail": false,
              "pending": false,
              "context": null,
              "code": "expect(studentObj.userId()).to.be.equal(12);",
              "err": {},
              "uuid": "68edfc39-6f31-4e18-b96e-535a526c3e57",
              "parentUUID": "45a8cdef-43ff-422a-ac99-b277d9cebffe",
              "isHook": false,
              "skipped": false
            },
            {
              "title": "function arguments check",
              "fullTitle": "----------spy---------- function arguments check",
              "timedOut": false,
              "duration": 1,
              "state": "passed",
              "speed": "fast",
              "pass": true,
              "fail": false,
              "pending": false,
              "context": null,
              "code": "var spyObj = sinon.spy(studentObj, 'getInfo');\nstudentObj.home(12);\nexpect(spyObj.calledWith(12, 1)).to.be.true;",
              "err": {},
              "uuid": "3520d311-373e-4a7b-86c2-7cdaf9568409",
              "parentUUID": "45a8cdef-43ff-422a-ac99-b277d9cebffe",
              "isHook": false,
              "skipped": false
            }
          ],
          "suites": [],
          "passes": [
            "68edfc39-6f31-4e18-b96e-535a526c3e57",
            "3520d311-373e-4a7b-86c2-7cdaf9568409"
          ],
          "failures": [],
          "pending": [],
          "skipped": [],
          "duration": 1,
          "root": false,
          "rootEmpty": false,
          "_timeout": 2000
        },
        {
          "uuid": "693fa80c-5052-4ed6-9774-30c203c4dc59",
          "title": "----------stub----------",
          "fullFile": "C:\\Users\\User\\Documents\\Projects\\Devang\\CODINE---Code-Editor-and-Planner\\test-case\\stub.spec.js",
          "file": "\\test-case\\stub.spec.js",
          "beforeHooks": [],
          "afterHooks": [],
          "tests": [
            {
              "title": "test user function",
              "fullTitle": "----------stub---------- test user function",
              "timedOut": false,
              "duration": 1,
              "state": "passed",
              "speed": "fast",
              "pass": true,
              "fail": false,
              "pending": false,
              "context": null,
              "code": "stubObj.withArgs(40).returns(5);\nexpect(studentObj.finalMarks(40)).to.be.equal(90);",
              "err": {},
              "uuid": "454a2368-e994-49de-bab6-02d5540d20c7",
              "parentUUID": "693fa80c-5052-4ed6-9774-30c203c4dc59",
              "isHook": false,
              "skipped": false
            }
          ],
          "suites": [],
          "passes": [
            "454a2368-e994-49de-bab6-02d5540d20c7"
          ],
          "failures": [],
          "pending": [],
          "skipped": [],
          "duration": 1,
          "root": false,
          "rootEmpty": false,
          "_timeout": 2000
        }
      ],
      "passes": [],
      "failures": [],
      "pending": [],
      "skipped": [],
      "duration": 0,
      "root": true,
      "rootEmpty": true,
      "_timeout": 2000
    }
  ],
  "meta": {
    "mocha": {
      "version": "9.2.0"
    },
    "mochawesome": {
      "options": {
        "quiet": false,
        "reportFilename": "mochawesome",
        "saveHtml": true,
        "saveJson": true,
        "consoleReporter": "spec",
        "useInlineDiffs": false,
        "code": true
      },
      "version": "7.0.1"
    },
    "marge": {
      "options": null,
      "version": "6.0.1"
    }
  }
}